<?xml version="1.0" encoding="UTF-8"?>
<!-- Generated by org.testng.reporters.JUnitReportReporter -->
<testsuite hostname="DESKTOP-6894EN5" failures="0" tests="2" name="vandanademo2.tar_task" time="8.993" errors="0" timestamp="13 Oct 2022 05:31:19 GMT">
  <testcase classname="vandanademo2.tar_task" name="test2" time="3.330"/>
  <testcase classname="vandanademo2.tar_task" name="test" time="5.663"/>
</testsuite> <!-- vandanademo2.tar_task -->
