<?xml version="1.0" encoding="UTF-8"?>
<!-- Generated by org.testng.reporters.JUnitReportReporter -->
<testsuite hostname="DESKTOP-6894EN5" failures="0" tests="1" name="vandanademo2.construction_links" time="16.073" errors="0" timestamp="15 Dec 2022 14:48:15 GMT">
  <testcase classname="vandanademo2.construction_links" name="bd2" time="16.073"/>
</testsuite> <!-- vandanademo2.construction_links -->
