<?xml version="1.0" encoding="UTF-8"?>
<!-- Generated by org.testng.reporters.JUnitReportReporter -->
<testsuite hostname="DESKTOP-6894EN5" failures="0" tests="1" name="vandanademo2.my_try" time="9.197" errors="0" timestamp="26 Oct 2023 09:57:11 GMT">
  <testcase classname="vandanademo2.my_try" name="test1" time="9.197"/>
</testsuite> <!-- vandanademo2.my_try -->
