<?xml version="1.0" encoding="UTF-8"?>
<!-- Generated by org.testng.reporters.JUnitReportReporter -->
<testsuite hostname="DESKTOP-6894EN5" failures="0" tests="2" name="vandanademo2.guru99_try" time="11.543" errors="0" timestamp="19 Dec 2022 06:38:34 GMT">
  <testcase classname="vandanademo2.guru99_try" name="tc2" time="4.089"/>
  <testcase classname="vandanademo2.guru99_try" name="tc3" time="7.454"/>
</testsuite> <!-- vandanademo2.guru99_try -->
