<?xml version="1.0" encoding="UTF-8"?>
<!-- Generated by org.testng.reporters.JUnitReportReporter -->
<testsuite hostname="DESKTOP-6894EN5" failures="0" tests="1" name="vandanademo2.drag_drop" time="20.939" errors="0" timestamp="20 Dec 2022 07:17:51 GMT">
  <testcase classname="vandanademo2.drag_drop" name="tc1" time="20.939"/>
</testsuite> <!-- vandanademo2.drag_drop -->
