<?xml version="1.0" encoding="UTF-8"?>
<!-- Generated by org.testng.reporters.JUnitReportReporter -->
<testsuite hostname="DESKTOP-6894EN5" failures="0" tests="1" name="vandanademo2.droppable" time="12.531" errors="0" timestamp="14 Nov 2022 05:38:09 GMT">
  <testcase classname="vandanademo2.droppable" name="tc1" time="12.531"/>
</testsuite> <!-- vandanademo2.droppable -->
