<?xml version="1.0" encoding="UTF-8"?>
<!-- Generated by org.testng.reporters.JUnitReportReporter -->
<testsuite hostname="DESKTOP-6894EN5" failures="0" tests="4" name="vandanademo2.alert" time="47.997" errors="0" timestamp="20 Oct 2022 04:49:51 GMT">
  <testcase classname="vandanademo2.alert" name="alert" time="6.811"/>
  <testcase classname="vandanademo2.alert" name="alert4" time="9.445"/>
  <testcase classname="vandanademo2.alert" name="alert2" time="16.320"/>
  <testcase classname="vandanademo2.alert" name="alert3" time="15.421"/>
</testsuite> <!-- vandanademo2.alert -->
