<?xml version="1.0" encoding="UTF-8"?>
<!-- Generated by org.testng.reporters.JUnitReportReporter -->
<testsuite hostname="DESKTOP-6894EN5" failures="0" tests="1" name="vandanademo2.DD2" time="11.629" errors="0" timestamp="2 Nov 2023 07:57:31 GMT">
  <testcase classname="vandanademo2.DD2" name="test1" time="11.629"/>
</testsuite> <!-- vandanademo2.DD2 -->
