<?xml version="1.0" encoding="UTF-8"?>
<!-- Generated by org.testng.reporters.JUnitReportReporter -->
<testsuite hostname="DESKTOP-6894EN5" failures="0" tests="1" name="vandanademo2.dd1" time="4.990" errors="0" timestamp="21 Jul 2023 08:23:08 GMT">
  <testcase classname="vandanademo2.dd1" name="datadriven" time="4.990"/>
</testsuite> <!-- vandanademo2.dd1 -->
