<?xml version="1.0" encoding="UTF-8"?>
<!-- Generated by org.testng.reporters.JUnitReportReporter -->
<testsuite hostname="DESKTOP-6894EN5" failures="0" tests="1" name="vandanademo2.window_handle" time="12.684" errors="0" timestamp="24 Jul 2023 09:23:21 GMT">
  <testcase classname="vandanademo2.window_handle" name="gg" time="12.684"/>
</testsuite> <!-- vandanademo2.window_handle -->
