<?xml version="1.0" encoding="UTF-8"?>
<!-- Generated by org.testng.reporters.JUnitReportReporter -->
<testsuite hostname="DESKTOP-6894EN5" failures="0" tests="1" name="vandanademo2.javascriptexecutorrrrr" time="1.372" errors="0" timestamp="30 May 2023 16:39:20 GMT">
  <testcase classname="vandanademo2.javascriptexecutorrrrr" name="jj" time="1.372"/>
</testsuite> <!-- vandanademo2.javascriptexecutorrrrr -->
